2026-07-10 15:14:55,692 | INFO | TablaElementos Data Downloader 1.1.0
2026-07-10 15:14:55,692 | INFO | Proyecto: D:\Nueva carpeta\TablaElementos-datos
2026-07-10 15:14:55,693 | INFO | Elementos seleccionados: H, He, Li, Be, B, C, N, O, F, Ne, Na, Mg, Al, Si, P, S, Cl, Ar, K, Ca, Sc, Ti, V, Cr, Mn, Fe, Co, Ni, Cu, Zn, Ga, Ge, As, Se, Br, Kr, Rb, Sr, Y, Zr, Nb, Mo, Tc, Ru, Rh, Pd, Ag, Cd, In, Sn, Sb, Te, I, Xe, Cs, Ba, La, Ce, Pr, Nd, Pm, Sm, Eu, Gd, Tb, Dy, Ho, Er, Tm, Yb, Lu, Hf, Ta, W, Re, Os, Ir, Pt, Au, Hg, Tl, Pb, Bi, Po, At, Rn, Fr, Ra, Ac, Th, Pa, U, Np, Pu, Am, Cm, Bk, Cf, Es, Fm, Md, No, Lr, Rf, Db, Sg, Bh, Hs, Mt, Ds, Rg, Cn, Nh, Fl, Mc, Lv, Ts, Og
2026-07-10 15:14:55,693 | INFO | Proveedores: pubchem, ciaaw, iaea, nist
2026-07-10 15:14:55,737 | INFO | [PubChem] Descargando tabla periódica oficial...
2026-07-10 15:14:58,545 | INFO | [CIAAW] Descargando pesos atómicos estándar...
2026-07-10 15:15:00,939 | INFO | [IAEA LiveChart] Descargando estados fundamentales de todos los nucleídos...
2026-07-10 15:15:03,380 | INFO | [NIST ASD] 001/118 H: líneas y niveles para H I
2026-07-10 15:15:06,182 | INFO | [NIST ASD] 002/118 He: líneas y niveles para He I
2026-07-10 15:15:12,065 | INFO | [NIST ASD] 003/118 Li: líneas y niveles para Li I
2026-07-10 15:15:15,481 | INFO | [NIST ASD] 004/118 Be: líneas y niveles para Be I
2026-07-10 15:15:19,167 | INFO | [NIST ASD] 005/118 B: líneas y niveles para B I
2026-07-10 15:15:22,611 | INFO | [NIST ASD] 006/118 C: líneas y niveles para C I
2026-07-10 15:15:29,581 | INFO | [NIST ASD] 007/118 N: líneas y niveles para N I
2026-07-10 15:15:34,669 | INFO | [NIST ASD] 008/118 O: líneas y niveles para O I
2026-07-10 15:15:40,861 | INFO | [NIST ASD] 009/118 F: líneas y niveles para F I
2026-07-10 15:15:44,237 | INFO | [NIST ASD] 010/118 Ne: líneas y niveles para Ne I
2026-07-10 15:15:49,104 | INFO | [NIST ASD] 011/118 Na: líneas y niveles para Na I
2026-07-10 15:15:53,325 | INFO | [NIST ASD] 012/118 Mg: líneas y niveles para Mg I
2026-07-10 15:15:58,043 | INFO | [NIST ASD] 013/118 Al: líneas y niveles para Al I
2026-07-10 15:16:02,021 | INFO | [NIST ASD] 014/118 Si: líneas y niveles para Si I
2026-07-10 15:16:06,012 | INFO | [NIST ASD] 015/118 P: líneas y niveles para P I
2026-07-10 15:16:09,365 | INFO | [NIST ASD] 016/118 S: líneas y niveles para S I
2026-07-10 15:16:14,214 | INFO | [NIST ASD] 017/118 Cl: líneas y niveles para Cl I
2026-07-10 15:16:17,851 | INFO | [NIST ASD] 018/118 Ar: líneas y niveles para Ar I
2026-07-10 15:16:21,517 | INFO | [NIST ASD] 019/118 K: líneas y niveles para K I
2026-07-10 15:16:25,227 | INFO | [NIST ASD] 020/118 Ca: líneas y niveles para Ca I
2026-07-10 15:16:28,744 | INFO | [NIST ASD] 021/118 Sc: líneas y niveles para Sc I
2026-07-10 15:16:34,798 | INFO | [NIST ASD] 022/118 Ti: líneas y niveles para Ti I
2026-07-10 15:16:42,250 | INFO | [NIST ASD] 023/118 V: líneas y niveles para V I
2026-07-10 15:16:51,979 | INFO | [NIST ASD] 024/118 Cr: líneas y niveles para Cr I
2026-07-10 15:17:01,364 | INFO | [NIST ASD] 025/118 Mn: líneas y niveles para Mn I
2026-07-10 15:17:05,656 | INFO | [NIST ASD] 026/118 Fe: líneas y niveles para Fe I
2026-07-10 15:17:21,204 | INFO | [NIST ASD] 027/118 Co: líneas y niveles para Co I
2026-07-10 15:17:28,105 | INFO | [NIST ASD] 028/118 Ni: líneas y niveles para Ni I
2026-07-10 15:17:32,499 | INFO | [NIST ASD] 029/118 Cu: líneas y niveles para Cu I
2026-07-10 15:17:37,268 | INFO | [NIST ASD] 030/118 Zn: líneas y niveles para Zn I
2026-07-10 15:17:42,813 | INFO | [NIST ASD] 031/118 Ga: líneas y niveles para Ga I
2026-07-10 15:17:47,228 | INFO | [NIST ASD] 032/118 Ge: líneas y niveles para Ge I
2026-07-10 15:17:51,517 | INFO | [NIST ASD] 033/118 As: líneas y niveles para As I
2026-07-10 15:17:56,898 | INFO | [NIST ASD] 034/118 Se: líneas y niveles para Se I
2026-07-10 15:18:00,089 | INFO | [NIST ASD] 035/118 Br: líneas y niveles para Br I
2026-07-10 15:18:03,427 | INFO | [NIST ASD] 036/118 Kr: líneas y niveles para Kr I
2026-07-10 15:18:08,013 | INFO | [NIST ASD] 037/118 Rb: líneas y niveles para Rb I
2026-07-10 15:18:11,632 | INFO | [NIST ASD] 038/118 Sr: líneas y niveles para Sr I
2026-07-10 15:18:15,438 | INFO | [NIST ASD] 039/118 Y: líneas y niveles para Y I
2026-07-10 15:18:20,055 | INFO | [NIST ASD] 040/118 Zr: líneas y niveles para Zr I
2026-07-10 15:18:23,594 | INFO | [NIST ASD] 041/118 Nb: líneas y niveles para Nb I
2026-07-10 15:18:28,550 | INFO | [NIST ASD] 042/118 Mo: líneas y niveles para Mo I
2026-07-10 15:18:45,186 | INFO | [NIST ASD] 043/118 Tc: líneas y niveles para Tc I
2026-07-10 15:18:50,034 | INFO | [NIST ASD] 044/118 Ru: líneas y niveles para Ru I
2026-07-10 15:19:00,031 | INFO | [NIST ASD] 045/118 Rh: líneas y niveles para Rh I
2026-07-10 15:19:09,118 | INFO | [NIST ASD] 046/118 Pd: líneas y niveles para Pd I
2026-07-10 15:19:12,265 | INFO | [NIST ASD] 047/118 Ag: líneas y niveles para Ag I
2026-07-10 15:19:15,669 | INFO | [NIST ASD] 048/118 Cd: líneas y niveles para Cd I
2026-07-10 15:19:18,907 | INFO | [NIST ASD] 049/118 In: líneas y niveles para In I
2026-07-10 15:19:22,107 | INFO | [NIST ASD] 050/118 Sn: líneas y niveles para Sn I
2026-07-10 15:19:26,266 | INFO | [NIST ASD] 051/118 Sb: líneas y niveles para Sb I
2026-07-10 15:19:30,349 | INFO | [NIST ASD] 052/118 Te: líneas y niveles para Te I
2026-07-10 15:19:34,087 | INFO | [NIST ASD] 053/118 I: líneas y niveles para I I
2026-07-10 15:19:40,484 | INFO | [NIST ASD] 054/118 Xe: líneas y niveles para Xe I
2026-07-10 15:19:44,899 | INFO | [NIST ASD] 055/118 Cs: líneas y niveles para Cs I
2026-07-10 15:19:48,534 | INFO | [NIST ASD] 056/118 Ba: líneas y niveles para Ba I
2026-07-10 15:19:52,128 | INFO | [NIST ASD] 057/118 La: líneas y niveles para La I
2026-07-10 15:19:56,079 | INFO | [NIST ASD] 058/118 Ce: líneas y niveles para Ce I
2026-07-10 15:19:59,765 | INFO | [NIST ASD] 059/118 Pr: líneas y niveles para Pr I
2026-07-10 15:20:03,463 | INFO | [NIST ASD] 060/118 Nd: líneas y niveles para Nd I
2026-07-10 15:20:07,100 | INFO | [NIST ASD] 061/118 Pm: líneas y niveles para Pm I
2026-07-10 15:20:11,058 | INFO | [NIST ASD] 062/118 Sm: líneas y niveles para Sm I
2026-07-10 15:20:14,688 | INFO | [NIST ASD] 063/118 Eu: líneas y niveles para Eu I
2026-07-10 15:20:23,339 | INFO | [NIST ASD] 064/118 Gd: líneas y niveles para Gd I
2026-07-10 15:20:27,603 | INFO | [NIST ASD] 065/118 Tb: líneas y niveles para Tb I
2026-07-10 15:20:31,055 | INFO | [NIST ASD] 066/118 Dy: líneas y niveles para Dy I
2026-07-10 15:20:34,761 | INFO | [NIST ASD] 067/118 Ho: líneas y niveles para Ho I
2026-07-10 15:20:38,226 | INFO | [NIST ASD] 068/118 Er: líneas y niveles para Er I
2026-07-10 15:20:41,758 | INFO | [NIST ASD] 069/118 Tm: líneas y niveles para Tm I
2026-07-10 15:20:45,690 | INFO | [NIST ASD] 070/118 Yb: líneas y niveles para Yb I
2026-07-10 15:20:48,968 | INFO | [NIST ASD] 071/118 Lu: líneas y niveles para Lu I
2026-07-10 15:20:52,218 | INFO | [NIST ASD] 072/118 Hf: líneas y niveles para Hf I
2026-07-10 15:21:06,145 | INFO | [NIST ASD] 073/118 Ta: líneas y niveles para Ta I
2026-07-10 15:21:21,128 | INFO | [NIST ASD] 074/118 W: líneas y niveles para W I
2026-07-10 15:21:30,671 | INFO | [NIST ASD] 075/118 Re: líneas y niveles para Re I
2026-07-10 15:21:45,808 | INFO | [NIST ASD] 076/118 Os: líneas y niveles para Os I
2026-07-10 15:22:09,583 | INFO | [NIST ASD] 077/118 Ir: líneas y niveles para Ir I
2026-07-10 15:22:27,457 | INFO | [NIST ASD] 078/118 Pt: líneas y niveles para Pt I
2026-07-10 15:22:32,675 | INFO | [NIST ASD] 079/118 Au: líneas y niveles para Au I
2026-07-10 15:22:36,049 | INFO | [NIST ASD] 080/118 Hg: líneas y niveles para Hg I
2026-07-10 15:22:39,917 | INFO | [NIST ASD] 081/118 Tl: líneas y niveles para Tl I
2026-07-10 15:22:43,175 | INFO | [NIST ASD] 082/118 Pb: líneas y niveles para Pb I
2026-07-10 15:22:46,449 | INFO | [NIST ASD] 083/118 Bi: líneas y niveles para Bi I
2026-07-10 15:22:49,636 | INFO | [NIST ASD] 084/118 Po: líneas y niveles para Po I
2026-07-10 15:22:52,915 | INFO | [NIST ASD] 085/118 At: líneas y niveles para At I
2026-07-10 15:22:55,851 | INFO | [NIST ASD] 086/118 Rn: líneas y niveles para Rn I
2026-07-10 15:22:59,040 | INFO | [NIST ASD] 087/118 Fr: líneas y niveles para Fr I
2026-07-10 15:23:02,383 | INFO | [NIST ASD] 088/118 Ra: líneas y niveles para Ra I
2026-07-10 15:23:05,644 | INFO | [NIST ASD] 089/118 Ac: líneas y niveles para Ac I
2026-07-10 15:23:08,857 | INFO | [NIST ASD] 090/118 Th: líneas y niveles para Th I
2026-07-10 15:23:26,502 | INFO | [NIST ASD] 091/118 Pa: líneas y niveles para Pa I
2026-07-10 15:23:29,556 | INFO | [NIST ASD] 092/118 U: líneas y niveles para U I
2026-07-10 15:23:32,617 | INFO | [NIST ASD] 093/118 Np: líneas y niveles para Np I
2026-07-10 15:23:35,772 | INFO | [NIST ASD] 094/118 Pu: líneas y niveles para Pu I
2026-07-10 15:23:38,936 | INFO | [NIST ASD] 095/118 Am: líneas y niveles para Am I
2026-07-10 15:23:42,042 | INFO | [NIST ASD] 096/118 Cm: líneas y niveles para Cm I
2026-07-10 15:23:45,097 | INFO | [NIST ASD] 097/118 Bk: líneas y niveles para Bk I
2026-07-10 15:23:48,254 | INFO | [NIST ASD] 098/118 Cf: líneas y niveles para Cf I
2026-07-10 15:23:51,192 | INFO | [NIST ASD] 099/118 Es: líneas y niveles para Es I
2026-07-10 15:23:54,078 | INFO | [NIST ASD] 100/118 Fm: líneas y niveles para Fm I
2026-07-10 15:24:00,205 | INFO | [NIST ASD] 101/118 Md: líneas y niveles para Md I
2026-07-10 15:24:06,315 | INFO | [NIST ASD] 102/118 No: líneas y niveles para No I
2026-07-10 15:24:12,222 | INFO | [NIST ASD] 103/118 Lr: líneas y niveles para Lr I
2026-07-10 15:24:18,229 | INFO | [NIST ASD] 104/118 Rf: líneas y niveles para Rf I
2026-07-10 15:24:24,288 | INFO | [NIST ASD] 105/118 Db: líneas y niveles para Db I
2026-07-10 15:24:30,387 | INFO | [NIST ASD] 106/118 Sg: líneas y niveles para Sg I
2026-07-10 15:24:36,412 | INFO | [NIST ASD] 107/118 Bh: líneas y niveles para Bh I
2026-07-10 15:24:42,397 | INFO | [NIST ASD] 108/118 Hs: líneas y niveles para Hs I
2026-07-10 15:24:48,532 | INFO | [NIST ASD] 109/118 Mt: líneas y niveles para Mt I
2026-07-10 15:24:54,630 | INFO | [NIST ASD] 110/118 Ds: líneas y niveles para Ds I
2026-07-10 15:25:00,645 | INFO | [NIST ASD] 111/118 Rg: líneas y niveles para Rg I
2026-07-10 15:25:06,763 | INFO | [NIST ASD] 112/118 Cn: líneas y niveles para Cn I
2026-07-10 15:25:13,252 | INFO | [NIST ASD] 113/118 Nh: líneas y niveles para Nh I
2026-07-10 15:25:19,207 | INFO | [NIST ASD] 114/118 Fl: líneas y niveles para Fl I
2026-07-10 15:25:25,144 | INFO | [NIST ASD] 115/118 Mc: líneas y niveles para Mc I
2026-07-10 15:25:30,900 | INFO | [NIST ASD] 116/118 Lv: líneas y niveles para Lv I
2026-07-10 15:25:36,732 | INFO | [NIST ASD] 117/118 Ts: líneas y niveles para Ts I
2026-07-10 15:25:42,801 | INFO | [NIST ASD] 118/118 Og: líneas y niveles para Og I
2026-07-10 15:25:48,650 | INFO | Descarga terminada: 102 éxitos, 0 omitidos, 19 avisos, 0 errores
2026-07-10 15:25:48,650 | INFO | Informe: D:\Nueva carpeta\TablaElementos-datos\data\import\download_report.json
